<?xml version="1.0" encoding="UTF-8"?>
<!-- Generated by org.testng.reporters.JUnitReportReporter -->
<testsuite hostname="GURL5CG13828PF" failures="0" tests="1" name="Q3.BookApi" time="2.966" errors="0" timestamp="2024-05-03T13:19:08 IST" skipped="0">
  <testcase classname="Q3.BookApi" name="testGetBookDetails" time="2.966"/>
</testsuite> <!-- Q3.BookApi -->
