<?xml version="1.0" encoding="UTF-8"?>
<!-- Generated by org.testng.reporters.JUnitReportReporter -->
<testsuite hostname="GURL5CG13828PF" failures="0" tests="1" name="Q.P" time="23.736" errors="0" timestamp="2024-05-02T23:52:13 IST" skipped="0">
  <testcase classname="Q.P" name="main" time="23.736"/>
</testsuite> <!-- Q.P -->
