<?xml version="1.0" encoding="UTF-8"?>
<!-- Generated by org.testng.reporters.JUnitReportReporter -->
<testsuite hostname="GURL5CG13828PF" failures="0" tests="1" name="Q.Population" time="18.041" errors="0" timestamp="2024-05-03T13:17:17 IST" skipped="0">
  <testcase classname="Q.Population" name="main" time="18.041"/>
</testsuite> <!-- Q.Population -->
