<?xml version="1.0" encoding="UTF-8"?>
<!-- Generated by org.testng.reporters.JUnitReportReporter -->
<testsuite hostname="GURL5CG13828PF" failures="0" tests="1" name="Q2.StringHandling" time="0.023" errors="0" timestamp="2024-05-02T23:57:54 IST" skipped="0">
  <testcase classname="Q2.StringHandling" name="name" time="0.023"/>
</testsuite> <!-- Q2.StringHandling -->
